<?xml version="1.0" encoding="UTF-8"?>
<!-- Generated by org.testng.reporters.JUnitReportReporter -->
<testsuite hostname="LAPTOP-2RFE2DQG" failures="0" tests="1" name="Delete_Request" time="2.058" errors="0" timestamp="2021-04-25T12:35:47 CDT" skipped="0">
  <testcase classname="Delete_Request" name="deleteEmployeeRecord" time="2.058"/>
  <system-out/>
</testsuite> <!-- Delete_Request -->
