<?xml version="1.0" encoding="UTF-8"?>
<!-- Generated by org.testng.reporters.JUnitReportReporter -->
<testsuite hostname="LAPTOP-2RFE2DQG" failures="0" tests="1" name="Get_Request" time="2.136" errors="0" timestamp="2021-04-25T12:54:56 CDT" skipped="0">
  <testcase classname="Get_Request" name="employeeDetails" time="2.136"/>
  <system-out/>
</testsuite> <!-- Get_Request -->
